  CGame.cpp
  The contents of <filesystem> are available only with C++17 or later.
D:\git\Test\Road-Cross\RoadCross\RoadCross\CGame.cpp(79,20): warning C4018: '<': signed/unsigned mismatch
D:\git\Test\Road-Cross\RoadCross\RoadCross\CGame.cpp(116,20): warning C4018: '<': signed/unsigned mismatch
D:\git\Test\Road-Cross\RoadCross\RoadCross\CGame.cpp(162,6): warning C4101: 'pos': unreferenced local variable
D:\git\Test\Road-Cross\RoadCross\RoadCross\CGame.cpp(468,21): warning C4018: '<': signed/unsigned mismatch
D:\git\Test\Road-Cross\RoadCross\RoadCross\CGame.cpp(713,21): warning C4018: '<': signed/unsigned mismatch
D:\git\Test\Road-Cross\RoadCross\RoadCross\CGame.cpp(739,21): warning C4018: '<': signed/unsigned mismatch
D:\git\Test\Road-Cross\RoadCross\RoadCross\CGame.cpp(766,14): warning C4018: '<': signed/unsigned mismatch
D:\git\Test\Road-Cross\RoadCross\RoadCross\CGame.cpp(701,7): warning C4101: 'fileName': unreferenced local variable
D:\git\Test\Road-Cross\RoadCross\RoadCross\CGame.cpp(723,22): warning C4101: 'info': unreferenced local variable
D:\git\Test\Road-Cross\RoadCross\RoadCross\CGame.cpp(824,21): warning C4018: '<': signed/unsigned mismatch
D:\git\Test\Road-Cross\RoadCross\RoadCross\CGame.cpp(846,14): warning C4018: '<': signed/unsigned mismatch
D:\git\Test\Road-Cross\RoadCross\RoadCross\CGame.cpp(808,22): warning C4101: 'info': unreferenced local variable
D:\git\Test\Road-Cross\RoadCross\RoadCross\CGame.cpp(876,65): warning C4267: '=': conversion from 'size_t' to 'SHORT', possible loss of data
  Maincpp.cpp
  The contents of <filesystem> are available only with C++17 or later.
D:\git\Test\Road-Cross\RoadCross\RoadCross\Maincpp.cpp(28,1): warning C4326: return type of 'main' should be 'int' instead of 'void'
  Generating Code...
CGame.obj : error LNK2001: unresolved external symbol "private: static int Game::LEVEL" (?LEVEL@Game@@0HA)
D:\git\Test\Road-Cross\RoadCross\Debug\RoadCross.exe : fatal error LNK1120: 1 unresolved externals
