  CGame.cpp
  The contents of <filesystem> are available only with C++17 or later.
C:\Users\user\Documents\GitHub\Road-Cross\RoadCross\RoadCross\CGame.cpp(24,21): warning C4267: 'initializing': conversion from 'size_t' to 'int', possible loss of data
C:\Users\user\Documents\GitHub\Road-Cross\RoadCross\RoadCross\CGame.cpp(164,6): warning C4101: 'pos': unreferenced local variable
C:\Users\user\Documents\GitHub\Road-Cross\RoadCross\RoadCross\CGame.cpp(604,50): warning C4267: 'initializing': conversion from 'size_t' to 'int', possible loss of data
C:\Users\user\Documents\GitHub\Road-Cross\RoadCross\RoadCross\CGame.cpp(635,61): warning C4267: 'initializing': conversion from 'size_t' to 'int', possible loss of data
C:\Users\user\Documents\GitHub\Road-Cross\RoadCross\RoadCross\CGame.cpp(733,49): warning C4267: 'argument': conversion from 'size_t' to 'int', possible loss of data
C:\Users\user\Documents\GitHub\Road-Cross\RoadCross\RoadCross\CGame.cpp(735,47): warning C4267: 'argument': conversion from 'size_t' to 'int', possible loss of data
C:\Users\user\Documents\GitHub\Road-Cross\RoadCross\RoadCross\CGame.cpp(703,7): warning C4101: 'fileName': unreferenced local variable
C:\Users\user\Documents\GitHub\Road-Cross\RoadCross\RoadCross\CGame.cpp(725,22): warning C4101: 'info': unreferenced local variable
C:\Users\user\Documents\GitHub\Road-Cross\RoadCross\RoadCross\CGame.cpp(815,53): warning C4267: 'argument': conversion from 'size_t' to 'int', possible loss of data
C:\Users\user\Documents\GitHub\Road-Cross\RoadCross\RoadCross\CGame.cpp(817,48): warning C4267: 'argument': conversion from 'size_t' to 'int', possible loss of data
C:\Users\user\Documents\GitHub\Road-Cross\RoadCross\RoadCross\CGame.cpp(810,22): warning C4101: 'info': unreferenced local variable
C:\Users\user\Documents\GitHub\Road-Cross\RoadCross\RoadCross\CGame.cpp(878,65): warning C4267: '=': conversion from 'size_t' to 'SHORT', possible loss of data
C:\Users\user\Documents\GitHub\Road-Cross\RoadCross\RoadCross\CGame.cpp(882,54): warning C4267: 'argument': conversion from 'size_t' to 'int', possible loss of data
C:\Users\user\Documents\GitHub\Road-Cross\RoadCross\RoadCross\CGame.cpp(884,70): warning C4267: 'argument': conversion from 'size_t' to 'int', possible loss of data
C:\Users\user\Documents\GitHub\Road-Cross\RoadCross\RoadCross\CGame.cpp(886,74): warning C4267: 'argument': conversion from 'size_t' to 'int', possible loss of data
C:\Users\user\Documents\GitHub\Road-Cross\RoadCross\RoadCross\CGame.cpp(898,67): warning C4267: 'initializing': conversion from 'size_t' to 'int', possible loss of data
C:\Users\user\Documents\GitHub\Road-Cross\RoadCross\RoadCross\CGame.cpp(923,23): warning C4267: 'initializing': conversion from 'size_t' to 'int', possible loss of data
C:\Users\user\Documents\GitHub\Road-Cross\RoadCross\RoadCross\CGame.cpp(933,50): warning C4267: 'argument': conversion from 'size_t' to 'int', possible loss of data
C:\Users\user\Documents\GitHub\Road-Cross\RoadCross\RoadCross\CGame.cpp(935,72): warning C4267: 'argument': conversion from 'size_t' to 'int', possible loss of data
  RoadCross.vcxproj -> C:\Users\user\Documents\GitHub\Road-Cross\RoadCross\x64\Debug\RoadCross.exe
