d:\tai lieu hoc tap\nam 2\oop\final project\project\real\road-cross\roadcross\roadcross\x64\debug\vc142.pdb
d:\tai lieu hoc tap\nam 2\oop\final project\project\real\road-cross\roadcross\roadcross\x64\debug\vc142.idb
d:\tai lieu hoc tap\nam 2\oop\final project\project\real\road-cross\roadcross\roadcross\x64\debug\cgraphics.obj
d:\tai lieu hoc tap\nam 2\oop\final project\project\real\road-cross\roadcross\roadcross\x64\debug\maincpp.obj
d:\tai lieu hoc tap\nam 2\oop\final project\project\real\road-cross\roadcross\roadcross\x64\debug\cline.obj
d:\tai lieu hoc tap\nam 2\oop\final project\project\real\road-cross\roadcross\roadcross\x64\debug\cmenugame.obj
d:\tai lieu hoc tap\nam 2\oop\final project\project\real\road-cross\roadcross\roadcross\x64\debug\cvehicals.obj
d:\tai lieu hoc tap\nam 2\oop\final project\project\real\road-cross\roadcross\roadcross\x64\debug\ctrucks.obj
d:\tai lieu hoc tap\nam 2\oop\final project\project\real\road-cross\roadcross\roadcross\x64\debug\cstoplight.obj
d:\tai lieu hoc tap\nam 2\oop\final project\project\real\road-cross\roadcross\roadcross\x64\debug\cpeople.obj
d:\tai lieu hoc tap\nam 2\oop\final project\project\real\road-cross\roadcross\roadcross\x64\debug\cobject.obj
d:\tai lieu hoc tap\nam 2\oop\final project\project\real\road-cross\roadcross\roadcross\x64\debug\cdinosaurs.obj
d:\tai lieu hoc tap\nam 2\oop\final project\project\real\road-cross\roadcross\roadcross\x64\debug\ccharacter.obj
d:\tai lieu hoc tap\nam 2\oop\final project\project\real\road-cross\roadcross\roadcross\x64\debug\ccars.obj
d:\tai lieu hoc tap\nam 2\oop\final project\project\real\road-cross\roadcross\roadcross\x64\debug\cbirds.obj
d:\tai lieu hoc tap\nam 2\oop\final project\project\real\road-cross\roadcross\roadcross\x64\debug\canimal.obj
c:\users\gf75\desktop\road-cross\roadcross\roadcross\x64\debug\vc142.pdb
c:\users\gf75\desktop\road-cross\roadcross\roadcross\x64\debug\vc142.idb
c:\users\gf75\desktop\road-cross\roadcross\roadcross\x64\debug\cline.obj
c:\users\gf75\desktop\road-cross\roadcross\roadcross\x64\debug\cmenugame.obj
c:\users\gf75\desktop\road-cross\roadcross\roadcross\x64\debug\cgraphics.obj
c:\users\gf75\desktop\road-cross\roadcross\roadcross\x64\debug\maincpp.obj
c:\users\gf75\desktop\road-cross\roadcross\roadcross\x64\debug\cvehicals.obj
c:\users\gf75\desktop\road-cross\roadcross\roadcross\x64\debug\ctrucks.obj
c:\users\gf75\desktop\road-cross\roadcross\roadcross\x64\debug\cstoplight.obj
c:\users\gf75\desktop\road-cross\roadcross\roadcross\x64\debug\cpeople.obj
c:\users\gf75\desktop\road-cross\roadcross\roadcross\x64\debug\cobject.obj
c:\users\gf75\desktop\road-cross\roadcross\roadcross\x64\debug\cdinosaurs.obj
c:\users\gf75\desktop\road-cross\roadcross\roadcross\x64\debug\ccharacter.obj
c:\users\gf75\desktop\road-cross\roadcross\roadcross\x64\debug\ccars.obj
c:\users\gf75\desktop\road-cross\roadcross\roadcross\x64\debug\cbirds.obj
c:\users\gf75\desktop\road-cross\roadcross\roadcross\x64\debug\canimal.obj
c:\users\user\documents\github\road-cross\roadcross\roadcross\x64\debug\vc142.pdb
c:\users\user\documents\github\road-cross\roadcross\roadcross\x64\debug\vc142.idb
c:\users\user\documents\github\road-cross\roadcross\roadcross\x64\debug\maincpp.obj
c:\users\user\documents\github\road-cross\roadcross\roadcross\x64\debug\cvehicals.obj
c:\users\user\documents\github\road-cross\roadcross\roadcross\x64\debug\ctrucks.obj
c:\users\user\documents\github\road-cross\roadcross\roadcross\x64\debug\cstoplight.obj
c:\users\user\documents\github\road-cross\roadcross\roadcross\x64\debug\cpeople.obj
c:\users\user\documents\github\road-cross\roadcross\roadcross\x64\debug\cobject.obj
c:\users\user\documents\github\road-cross\roadcross\roadcross\x64\debug\cmenugame.obj
c:\users\user\documents\github\road-cross\roadcross\roadcross\x64\debug\cline.obj
c:\users\user\documents\github\road-cross\roadcross\roadcross\x64\debug\cgraphics.obj
c:\users\user\documents\github\road-cross\roadcross\roadcross\x64\debug\cgame.obj
c:\users\user\documents\github\road-cross\roadcross\roadcross\x64\debug\cdinosaurs.obj
c:\users\user\documents\github\road-cross\roadcross\roadcross\x64\debug\ccharacter.obj
c:\users\user\documents\github\road-cross\roadcross\roadcross\x64\debug\ccars.obj
c:\users\user\documents\github\road-cross\roadcross\roadcross\x64\debug\cbirds.obj
c:\users\user\documents\github\road-cross\roadcross\roadcross\x64\debug\canimal.obj
d:\tai lieu hoc tap\nam 2\oop\final project\project\real\road-cross\roadcross\roadcross\x64\debug\roadcross.ilk
d:\tai lieu hoc tap\nam 2\oop\final project\project\real\road-cross\roadcross\x64\debug\roadcross.exe
d:\tai lieu hoc tap\nam 2\oop\final project\project\real\road-cross\roadcross\x64\debug\roadcross.pdb
c:\users\user\documents\github\road-cross\roadcross\x64\debug\roadcross.pdb
c:\users\user\documents\github\road-cross\roadcross\roadcross\x64\debug\roadcross.tlog\cl.command.1.tlog
c:\users\user\documents\github\road-cross\roadcross\roadcross\x64\debug\roadcross.tlog\cl.read.1.tlog
c:\users\user\documents\github\road-cross\roadcross\roadcross\x64\debug\roadcross.tlog\cl.write.1.tlog
c:\users\user\documents\github\road-cross\roadcross\roadcross\x64\debug\roadcross.tlog\link-cvtres.read.1.tlog
c:\users\user\documents\github\road-cross\roadcross\roadcross\x64\debug\roadcross.tlog\link-cvtres.write.1.tlog
c:\users\user\documents\github\road-cross\roadcross\roadcross\x64\debug\roadcross.tlog\link-rc.read.1.tlog
c:\users\user\documents\github\road-cross\roadcross\roadcross\x64\debug\roadcross.tlog\link-rc.write.1.tlog
c:\users\user\documents\github\road-cross\roadcross\roadcross\x64\debug\roadcross.tlog\link.command.1.tlog
c:\users\user\documents\github\road-cross\roadcross\roadcross\x64\debug\roadcross.tlog\link.read.1.tlog
c:\users\user\documents\github\road-cross\roadcross\roadcross\x64\debug\roadcross.tlog\link.write.1.tlog
